<?xml version="1.0" encoding="UTF-8"?>
<testng-results skipped="0" failed="1" ignored="0" total="4" passed="3">
  <reporter-output>
  </reporter-output>
  <suite name="Suite" duration-ms="6958" started-at="2021-10-22T23:23:47 IST" finished-at="2021-10-22T23:23:54 IST">
    <groups>
    </groups>
    <test name="Test" duration-ms="6958" started-at="2021-10-22T23:23:47 IST" finished-at="2021-10-22T23:23:54 IST">
      <class name="rr.rest.TC8BasicAuthentication">
        <test-method status="PASS" signature="getCity()[pri:0, instance:rr.rest.TC8BasicAuthentication@3fee9989]" name="getCity" duration-ms="1017" started-at="2021-10-22T23:23:52 IST" finished-at="2021-10-22T23:23:53 IST">
          <reporter-output>
          </reporter-output>
        </test-method> <!-- getCity -->
      </class> <!-- rr.rest.TC8BasicAuthentication -->
      <class name="rr.rest.TC4GetAllHeader">
        <test-method status="FAIL" signature="getCity()[pri:0, instance:rr.rest.TC4GetAllHeader@4cf777e8]" name="getCity" duration-ms="4466" started-at="2021-10-22T23:23:47 IST" finished-at="2021-10-22T23:23:51 IST">
          <exception class="java.lang.AssertionError">
            <message>
              <![CDATA[expected [209] but found [200]]]>
            </message>
            <full-stacktrace>
              <![CDATA[java.lang.AssertionError: expected [209] but found [200]
at org.testng.Assert.fail(Assert.java:97)
at org.testng.Assert.assertEqualsImpl(Assert.java:136)
at org.testng.Assert.assertEquals(Assert.java:118)
at org.testng.Assert.assertEquals(Assert.java:839)
at org.testng.Assert.assertEquals(Assert.java:849)
at rr.rest.TC4GetAllHeader.getCity(TC4GetAllHeader.java:29)
at sun.reflect.NativeMethodAccessorImpl.invoke0(Native Method)
at sun.reflect.NativeMethodAccessorImpl.invoke(NativeMethodAccessorImpl.java:62)
at sun.reflect.DelegatingMethodAccessorImpl.invoke(DelegatingMethodAccessorImpl.java:43)
at java.lang.reflect.Method.invoke(Method.java:498)
at org.testng.internal.MethodInvocationHelper.invokeMethod(MethodInvocationHelper.java:133)
at org.testng.internal.TestInvoker.invokeMethod(TestInvoker.java:584)
at org.testng.internal.TestInvoker.invokeTestMethod(TestInvoker.java:172)
at org.testng.internal.MethodRunner.runInSequence(MethodRunner.java:46)
at org.testng.internal.TestInvoker$MethodInvocationAgent.invoke(TestInvoker.java:804)
at org.testng.internal.TestInvoker.invokeTestMethods(TestInvoker.java:145)
at org.testng.internal.TestMethodWorker.invokeTestMethods(TestMethodWorker.java:146)
at org.testng.internal.TestMethodWorker.run(TestMethodWorker.java:128)
at java.util.ArrayList.forEach(ArrayList.java:1259)
at org.testng.TestRunner.privateRun(TestRunner.java:770)
at org.testng.TestRunner.run(TestRunner.java:591)
at org.testng.SuiteRunner.runTest(SuiteRunner.java:402)
at org.testng.SuiteRunner.runSequentially(SuiteRunner.java:396)
at org.testng.SuiteRunner.privateRun(SuiteRunner.java:355)
at org.testng.SuiteRunner.run(SuiteRunner.java:304)
at org.testng.SuiteRunnerWorker.runSuite(SuiteRunnerWorker.java:53)
at org.testng.SuiteRunnerWorker.run(SuiteRunnerWorker.java:96)
at org.testng.TestNG.runSuitesSequentially(TestNG.java:1180)
at org.testng.TestNG.runSuitesLocally(TestNG.java:1102)
at org.testng.TestNG.runSuites(TestNG.java:1032)
at org.testng.TestNG.run(TestNG.java:1000)
at org.apache.maven.surefire.testng.TestNGExecutor.run(TestNGExecutor.java:284)
at org.apache.maven.surefire.testng.TestNGXmlTestSuite.execute(TestNGXmlTestSuite.java:75)
at org.apache.maven.surefire.testng.TestNGProvider.invoke(TestNGProvider.java:119)
at org.apache.maven.surefire.booter.ForkedBooter.runSuitesInProcess(ForkedBooter.java:428)
at org.apache.maven.surefire.booter.ForkedBooter.execute(ForkedBooter.java:162)
at org.apache.maven.surefire.booter.ForkedBooter.run(ForkedBooter.java:562)
at org.apache.maven.surefire.booter.ForkedBooter.main(ForkedBooter.java:548)
]]>
            </full-stacktrace>
          </exception> <!-- java.lang.AssertionError -->
          <reporter-output>
          </reporter-output>
        </test-method> <!-- getCity -->
      </class> <!-- rr.rest.TC4GetAllHeader -->
      <class name="rr.rest.TC10DataDrivenTesting">
        <test-method status="PASS" signature="getCity()[pri:0, instance:rr.rest.TC10DataDrivenTesting@2f686d1f]" name="getCity" duration-ms="1057" started-at="2021-10-22T23:23:51 IST" finished-at="2021-10-22T23:23:52 IST">
          <reporter-output>
          </reporter-output>
        </test-method> <!-- getCity -->
      </class> <!-- rr.rest.TC10DataDrivenTesting -->
      <class name="rr.rest.TC01">
        <test-method status="PASS" signature="getCity()[pri:0, instance:rr.rest.TC01@73ad2d6]" name="getCity" duration-ms="344" started-at="2021-10-22T23:23:53 IST" finished-at="2021-10-22T23:23:54 IST">
          <reporter-output>
          </reporter-output>
        </test-method> <!-- getCity -->
      </class> <!-- rr.rest.TC01 -->
    </test> <!-- Test -->
  </suite> <!-- Suite -->
</testng-results>
